{
  "comments": [
    {
      "robotId": "clang++-8",
      "robotRunId": "http://source.kaidimensional.de:8080/job/psv/job/psv-clang/501/",
      "fixSuggestions": [],
      "key": {
        "uuid": "b2f68b5a_2d3924a2",
        "filename": "tests/sequencer/midi/track_test.cpp",
        "patchSetId": 23
      },
      "lineNbr": 514,
      "author": {
        "id": 1016797
      },
      "writtenOn": "2019-08-19T20:29:13Z",
      "side": 1,
      "message": "in instantiation of template class \u0027sequencer::chrono::sequencer_clock\u003cconst sequencer::chrono::testing_clock\u003clong, std::ratio\u003c1, 1000000000\u003e, true\u003e \u0026\u003e\u0027 requested here\n        sequencer_clock_type sequencer_clock{testing_clock};\n                             ^\n\ninclude/sequencer/chrono/sequencer_clock.hpp:21:9: error: static_assert failed due to requirement \u0027testing_clock\u003clong, std::ratio\u003c1, 1000000000\u003e, true\u003e::is_steady\u0027 \"Underlying clock must be steady\"\n        static_assert( underlying_clock_type::is_steady, \"Underlying clock must be steady\" );\n        ^              ~~~~~~~~~~~~~~~~~~~~~~~~~~~~~~~~",
      "revId": "7f22e00ead8185d7891dc4c1d8ad4484635f58f3",
      "serverId": "d5d70762-12d0-45a1-890d-524b12d3f735",
      "unresolved": false
    },
    {
      "robotId": "g++-8",
      "robotRunId": "http://source.kaidimensional.de:8080/job/psv/job/psv-gcc/530/",
      "fixSuggestions": [],
      "key": {
        "uuid": "69b6e7ca_fe7859de",
        "filename": "tests/sequencer/midi/track_test.cpp",
        "patchSetId": 23
      },
      "lineNbr": 514,
      "author": {
        "id": 1016797
      },
      "writtenOn": "2019-08-19T20:29:49Z",
      "side": 1,
      "message": "In instantiation of \u0027class sequencer::chrono::sequencer_clock\u003cconst sequencer::chrono::testing_clock\u003clong int, std::ratio\u003c1, 1000000000\u003e, true\u003e\u0026\u003e\u0027: requested heresequencer_clock_type sequencer_clock{testing_clock};\n                     ^include/sequencer/chrono/sequencer_clock.hpp:21:24: error: static assertion failed: Underlying clock must be steady\n         static_assert( underlying_clock_type::is_steady, \"Underlying clock must be steady\" );\n                        ^~~~~~~~~~~~~~~~~~~~~",
      "revId": "7f22e00ead8185d7891dc4c1d8ad4484635f58f3",
      "serverId": "d5d70762-12d0-45a1-890d-524b12d3f735",
      "unresolved": false
    }
  ]
}